2014.02.25 13:36 B C:\Users\Cris\Desktop\UserInterface\img\back-icon.png --> disc-nt.cba.uh.edu /gl1234/UserInterface/img back-icon.png
2014.02.25 13:36 B C:\Users\Cris\Desktop\UserInterface\img\dog-main.png --> disc-nt.cba.uh.edu /gl1234/UserInterface/img dog-main.png
2014.02.25 13:36 B C:\Users\Cris\Desktop\UserInterface\img\hazard-icon.png --> disc-nt.cba.uh.edu /gl1234/UserInterface/img hazard-icon.png
2014.02.25 13:36 B C:\Users\Cris\Desktop\UserInterface\img\hazard.png --> disc-nt.cba.uh.edu /gl1234/UserInterface/img hazard.png
2014.02.25 13:36 B C:\Users\Cris\Desktop\UserInterface\img\home-icon.png --> disc-nt.cba.uh.edu /gl1234/UserInterface/img home-icon.png
2014.02.25 13:36 B C:\Users\Cris\Desktop\UserInterface\img\nutr-icon.png --> disc-nt.cba.uh.edu /gl1234/UserInterface/img nutr-icon.png
2014.02.25 13:36 B C:\Users\Cris\Desktop\UserInterface\img\nutr.png --> disc-nt.cba.uh.edu /gl1234/UserInterface/img nutr.png
2014.02.25 13:36 B C:\Users\Cris\Desktop\UserInterface\img\recall-icon.png --> disc-nt.cba.uh.edu /gl1234/UserInterface/img recall-icon.png
2014.02.25 13:36 B C:\Users\Cris\Desktop\UserInterface\img\recall.png --> disc-nt.cba.uh.edu /gl1234/UserInterface/img recall.png
2014.02.25 13:36 B C:\Users\Cris\Desktop\UserInterface\img\setting-icon.png --> disc-nt.cba.uh.edu /gl1234/UserInterface/img setting-icon.png
2014.03.01 14:41 B C:\Users\Cris\Documents\GitHub\Doge\ui\img\.DS_Store --> disc-nt.cba.uh.edu /gl1234/ui/img .DS_Store
2014.03.01 14:41 B C:\Users\Cris\Documents\GitHub\Doge\ui\img\back-icon.png --> disc-nt.cba.uh.edu /gl1234/ui/img back-icon.png
2014.03.01 14:41 B C:\Users\Cris\Documents\GitHub\Doge\ui\img\dog-main.png --> disc-nt.cba.uh.edu /gl1234/ui/img dog-main.png
2014.03.01 14:41 B C:\Users\Cris\Documents\GitHub\Doge\ui\img\hazard-icon.png --> disc-nt.cba.uh.edu /gl1234/ui/img hazard-icon.png
2014.03.01 14:41 B C:\Users\Cris\Documents\GitHub\Doge\ui\img\hazard.png --> disc-nt.cba.uh.edu /gl1234/ui/img hazard.png
2014.03.01 14:41 B C:\Users\Cris\Documents\GitHub\Doge\ui\img\home-icon.png --> disc-nt.cba.uh.edu /gl1234/ui/img home-icon.png
2014.03.01 14:41 B C:\Users\Cris\Documents\GitHub\Doge\ui\img\nutr-icon.png --> disc-nt.cba.uh.edu /gl1234/ui/img nutr-icon.png
2014.03.01 14:41 B C:\Users\Cris\Documents\GitHub\Doge\ui\img\nutr.png --> disc-nt.cba.uh.edu /gl1234/ui/img nutr.png
2014.03.01 14:41 B C:\Users\Cris\Documents\GitHub\Doge\ui\img\recall-icon.png --> disc-nt.cba.uh.edu /gl1234/ui/img recall-icon.png
2014.03.01 14:41 B C:\Users\Cris\Documents\GitHub\Doge\ui\img\recall.png --> disc-nt.cba.uh.edu /gl1234/ui/img recall.png
2014.03.01 14:41 B C:\Users\Cris\Documents\GitHub\Doge\ui\img\setting-icon.png --> disc-nt.cba.uh.edu /gl1234/ui/img setting-icon.png
2014.03.01 14:41 B C:\Users\Cris\Documents\GitHub\Doge\ui\img\WS_FTP.LOG --> disc-nt.cba.uh.edu /gl1234/ui/img WS_FTP.LOG
